TN:
SF:src/server.js
FN:24,(anonymous_0)
FNF:1
FNH:1
FNDA:1,(anonymous_0)
DA:1,1
DA:2,1
DA:3,1
DA:4,1
DA:5,1
DA:6,1
DA:7,1
DA:8,1
DA:10,1
DA:14,1
DA:16,1
DA:17,1
DA:18,1
DA:19,1
DA:21,1
DA:22,1
DA:24,1
DA:26,1
DA:28,1
LF:19
LH:19
BRDA:14,0,0,1
BRDA:14,0,1,1
BRF:2
BRH:2
end_of_record
TN:
SF:src/controllers/order_controller.js
FN:3,(anonymous_0)
FN:12,(anonymous_1)
FNF:2
FNH:2
FNDA:1,(anonymous_0)
FNDA:1,(anonymous_1)
DA:1,1
DA:3,1
DA:4,1
DA:5,1
DA:6,1
DA:8,0
DA:12,1
DA:13,1
DA:14,1
DA:15,1
DA:16,0
DA:18,1
DA:20,0
LF:13
LH:10
BRDA:15,0,0,0
BRDA:15,0,1,1
BRF:2
BRH:1
end_of_record
TN:
SF:src/controllers/product_controllers.js
FN:9,(anonymous_0)
FN:22,(anonymous_1)
FN:34,(anonymous_2)
FN:47,(anonymous_3)
FN:62,(anonymous_4)
FNF:5
FNH:5
FNDA:1,(anonymous_0)
FNDA:1,(anonymous_1)
FNDA:1,(anonymous_2)
FNDA:1,(anonymous_3)
FNDA:1,(anonymous_4)
DA:7,1
DA:9,1
DA:10,1
DA:11,1
DA:12,1
DA:13,0
DA:15,1
DA:16,1
DA:18,0
DA:22,1
DA:23,1
DA:24,1
DA:25,1
DA:26,0
DA:28,1
DA:30,0
DA:34,1
DA:35,1
DA:36,1
DA:38,1
DA:39,1
DA:41,1
DA:43,0
DA:47,1
DA:48,1
DA:49,1
DA:51,1
DA:52,1
DA:54,1
DA:55,1
DA:57,0
DA:58,0
DA:62,1
DA:63,1
DA:64,1
DA:65,1
DA:67,1
DA:68,1
DA:70,1
DA:71,1
DA:72,1
DA:73,1
DA:75,1
DA:81,1
DA:82,1
DA:84,0
LF:46
LH:38
BRDA:12,0,0,0
BRDA:12,0,1,1
BRDA:12,1,0,1
BRDA:12,1,1,1
BRDA:12,1,2,1
BRDA:12,1,3,1
BRDA:25,2,0,0
BRDA:25,2,1,1
BRDA:39,3,0,0
BRDA:39,3,1,1
BRDA:52,4,0,0
BRDA:52,4,1,1
BRDA:68,5,0,0
BRDA:68,5,1,1
BRDA:70,6,0,1
BRDA:70,6,1,0
BRDA:71,7,0,1
BRDA:71,7,1,0
BRDA:72,8,0,1
BRDA:72,8,1,0
BRDA:73,9,0,1
BRDA:73,9,1,0
BRF:22
BRH:13
end_of_record
TN:
SF:src/database/database.js
FN:11,(anonymous_0)
FN:18,(anonymous_1)
FN:22,(anonymous_2)
FNF:3
FNH:2
FNDA:1,(anonymous_0)
FNDA:1,(anonymous_1)
FNDA:0,(anonymous_2)
DA:2,1
DA:3,1
DA:4,1
DA:7,1
DA:8,1
DA:11,1
DA:12,1
DA:13,1
DA:19,1
DA:20,1
DA:22,0
DA:24,0
DA:25,0
DA:29,1
LF:14
LH:11
BRDA:8,0,0,1
BRDA:8,0,1,0
BRDA:19,1,0,1
BRDA:19,1,1,0
BRF:4
BRH:2
end_of_record
TN:
SF:src/models/order_model.js
FNF:0
FNH:0
DA:1,1
DA:3,1
DA:24,1
LF:3
LH:3
BRF:0
BRH:0
end_of_record
TN:
SF:src/models/product_model.js
FNF:0
FNH:0
DA:1,1
DA:3,1
DA:18,1
LF:3
LH:3
BRF:0
BRH:0
end_of_record
TN:
SF:src/routes/order_routes.js
FNF:0
FNH:0
DA:1,1
DA:2,1
DA:3,1
DA:5,1
DA:6,1
DA:8,1
LF:6
LH:6
BRF:0
BRH:0
end_of_record
TN:
SF:src/routes/product_routes.js
FNF:0
FNH:0
DA:1,1
DA:2,1
DA:9,1
DA:11,1
DA:12,1
DA:13,1
DA:14,1
DA:15,1
DA:17,1
LF:9
LH:9
BRF:0
BRH:0
end_of_record
TN:
SF:src/services/order_service.js
FN:3,(anonymous_0)
FN:3,(anonymous_1)
FN:5,(anonymous_2)
FNF:3
FNH:3
FNDA:1,(anonymous_0)
FNDA:1,(anonymous_1)
FNDA:1,(anonymous_2)
DA:1,1
DA:3,1
DA:5,1
LF:3
LH:3
BRF:0
BRH:0
end_of_record
TN:
SF:src/services/product_services.js
FN:3,(anonymous_0)
FN:4,(anonymous_1)
FN:6,(anonymous_2)
FN:8,(anonymous_3)
FN:10,(anonymous_4)
FN:12,(anonymous_5)
FNF:6
FNH:6
FNDA:1,(anonymous_0)
FNDA:1,(anonymous_1)
FNDA:3,(anonymous_2)
FNDA:1,(anonymous_3)
FNDA:1,(anonymous_4)
FNDA:1,(anonymous_5)
DA:1,1
DA:3,1
DA:4,1
DA:6,3
DA:8,1
DA:10,1
DA:12,1
LF:7
LH:7
BRF:0
BRH:0
end_of_record
